2023-04-18 20:47:06 INFO  Log:17 - *************************
2023-04-18 20:47:06 INFO  Log:18 - *************************
2023-04-18 20:47:06 INFO  Log:19 - **************This is the beginning of my Test case*************
2023-04-18 20:47:06 INFO  Log:32 - My test case is executing right now
2023-04-18 20:47:06 INFO  Log:35 - My test case might have some trivial issues
2023-04-18 20:47:37 INFO  Log:32 - This test case is about to get completed
2023-04-18 20:47:37 INFO  Log:25 - ###############################
2023-04-18 20:47:37 INFO  Log:26 - ###############################
2023-04-18 20:47:37 INFO  Log:27 - #################This test case is finished###################
2023-04-18 22:18:50 INFO  Log:17 - *************************
2023-04-18 22:18:50 INFO  Log:18 - *************************
2023-04-18 22:18:50 INFO  Log:19 - **************This is the beginning of my Test case*************
2023-04-18 22:18:50 INFO  Log:32 - My test case is executing right now
2023-04-18 22:18:50 INFO  Log:35 - My test case might have some trivial issues
2023-04-18 22:18:56 INFO  Log:32 - This test case is about to get completed
2023-04-18 22:18:56 INFO  Log:25 - ###############################
2023-04-18 22:18:56 INFO  Log:26 - ###############################
2023-04-18 22:18:56 INFO  Log:27 - #################This test case is finished###################
2023-04-21 19:26:11 INFO  Log:17 - *************************
2023-04-21 19:26:11 INFO  Log:18 - *************************
2023-04-21 19:26:11 INFO  Log:19 - **************This is the beginning of my Test case*************
2023-04-21 19:26:11 INFO  Log:32 - My test case is executing right now
2023-04-21 19:26:11 INFO  Log:35 - My test case might have some trivial issues
2023-04-21 19:26:18 INFO  Log:32 - This test case is about to get completed
2023-04-21 19:26:18 INFO  Log:25 - ###############################
2023-04-21 19:26:18 INFO  Log:26 - ###############################
2023-04-21 19:26:18 INFO  Log:27 - #################This test case is finished###################
2023-04-21 19:26:39 INFO  Log:17 - *************************
2023-04-21 19:26:39 INFO  Log:18 - *************************
2023-04-21 19:26:39 INFO  Log:19 - **************This is the beginning of my Test case*************
2023-04-21 19:26:39 INFO  Log:32 - My test case is executing right now
2023-04-21 19:26:39 INFO  Log:35 - My test case might have some trivial issues
2023-04-21 19:26:45 INFO  Log:32 - This test case is about to get completed
2023-04-21 19:26:45 INFO  Log:25 - ###############################
2023-04-21 19:26:45 INFO  Log:26 - ###############################
2023-04-21 19:26:45 INFO  Log:27 - #################This test case is finished###################
2023-04-21 19:26:47 INFO  Log:17 - *************************
2023-04-21 19:26:47 INFO  Log:18 - *************************
2023-04-21 19:26:47 INFO  Log:19 - **************This is the beginning of my Test case*************
2023-04-21 19:26:47 INFO  Log:32 - My test case is executing right now
2023-04-21 19:26:47 INFO  Log:35 - My test case might have some trivial issues
2023-04-21 19:26:54 INFO  Log:32 - This test case is about to get completed
2023-04-21 19:26:54 INFO  Log:25 - ###############################
2023-04-21 19:26:54 INFO  Log:26 - ###############################
2023-04-21 19:26:54 INFO  Log:27 - #################This test case is finished###################
2023-04-21 19:26:56 INFO  Log:17 - *************************
2023-04-21 19:26:56 INFO  Log:18 - *************************
2023-04-21 19:26:56 INFO  Log:19 - **************This is the beginning of my Test case*************
2023-04-21 19:26:56 INFO  Log:32 - My test case is executing right now
2023-04-21 19:26:56 INFO  Log:35 - My test case might have some trivial issues
2023-04-21 19:27:11 INFO  Log:32 - This test case is about to get completed
2023-04-21 19:27:11 INFO  Log:25 - ###############################
2023-04-21 19:27:11 INFO  Log:26 - ###############################
2023-04-21 19:27:11 INFO  Log:27 - #################This test case is finished###################
2023-04-21 19:27:13 INFO  Log:17 - *************************
2023-04-21 19:27:13 INFO  Log:18 - *************************
2023-04-21 19:27:13 INFO  Log:19 - **************This is the beginning of my Test case*************
2023-04-21 19:27:13 INFO  Log:32 - My test case is executing right now
2023-04-21 19:27:13 INFO  Log:35 - My test case might have some trivial issues
2023-04-21 19:27:15 INFO  Log:32 - This test case is about to get completed
2023-04-21 19:27:15 INFO  Log:25 - ###############################
2023-04-21 19:27:15 INFO  Log:26 - ###############################
2023-04-21 19:27:15 INFO  Log:27 - #################This test case is finished###################
2023-04-21 19:27:17 INFO  Log:17 - *************************
2023-04-21 19:27:17 INFO  Log:18 - *************************
2023-04-21 19:27:17 INFO  Log:19 - **************This is the beginning of my Test case*************
2023-04-21 19:27:17 INFO  Log:32 - My test case is executing right now
2023-04-21 19:27:17 INFO  Log:35 - My test case might have some trivial issues
2023-04-21 19:27:19 INFO  Log:32 - This test case is about to get completed
2023-04-21 19:27:19 INFO  Log:25 - ###############################
2023-04-21 19:27:19 INFO  Log:26 - ###############################
2023-04-21 19:27:19 INFO  Log:27 - #################This test case is finished###################
2023-04-21 19:27:21 INFO  Log:17 - *************************
2023-04-21 19:27:21 INFO  Log:18 - *************************
2023-04-21 19:27:21 INFO  Log:19 - **************This is the beginning of my Test case*************
2023-04-21 19:27:21 INFO  Log:32 - My test case is executing right now
2023-04-21 19:27:21 INFO  Log:35 - My test case might have some trivial issues
2023-04-21 19:27:23 INFO  Log:32 - This test case is about to get completed
2023-04-21 19:27:23 INFO  Log:25 - ###############################
2023-04-21 19:27:23 INFO  Log:26 - ###############################
2023-04-21 19:27:23 INFO  Log:27 - #################This test case is finished###################
2023-04-21 19:27:25 INFO  Log:17 - *************************
2023-04-21 19:27:25 INFO  Log:18 - *************************
2023-04-21 19:27:25 INFO  Log:19 - **************This is the beginning of my Test case*************
2023-04-21 19:27:25 INFO  Log:32 - My test case is executing right now
2023-04-21 19:27:25 INFO  Log:35 - My test case might have some trivial issues
2023-04-21 19:27:27 INFO  Log:32 - This test case is about to get completed
2023-04-21 19:27:27 INFO  Log:25 - ###############################
2023-04-21 19:27:27 INFO  Log:26 - ###############################
2023-04-21 19:27:27 INFO  Log:27 - #################This test case is finished###################
2023-04-21 19:27:28 INFO  Log:17 - *************************
2023-04-21 19:27:28 INFO  Log:18 - *************************
2023-04-21 19:27:28 INFO  Log:19 - **************This is the beginning of my Test case*************
2023-04-21 19:27:28 INFO  Log:32 - My test case is executing right now
2023-04-21 19:27:28 INFO  Log:35 - My test case might have some trivial issues
2023-04-21 19:27:30 INFO  Log:32 - This test case is about to get completed
2023-04-21 19:27:30 INFO  Log:25 - ###############################
2023-04-21 19:27:30 INFO  Log:26 - ###############################
2023-04-21 19:27:30 INFO  Log:27 - #################This test case is finished###################
2023-04-21 19:27:32 INFO  Log:17 - *************************
2023-04-21 19:27:32 INFO  Log:18 - *************************
2023-04-21 19:27:32 INFO  Log:19 - **************This is the beginning of my Test case*************
2023-04-21 19:27:32 INFO  Log:32 - My test case is executing right now
2023-04-21 19:27:32 INFO  Log:35 - My test case might have some trivial issues
2023-04-21 19:27:32 INFO  Log:32 - This test case is about to get completed
2023-04-21 19:27:32 INFO  Log:25 - ###############################
2023-04-21 19:27:32 INFO  Log:26 - ###############################
2023-04-21 19:27:32 INFO  Log:27 - #################This test case is finished###################
2023-04-21 19:28:47 INFO  Log:17 - *************************
2023-04-21 19:28:47 INFO  Log:18 - *************************
2023-04-21 19:28:47 INFO  Log:19 - **************This is the beginning of my Test case*************
2023-04-21 19:28:47 INFO  Log:32 - My test case is executing right now
2023-04-21 19:28:47 INFO  Log:35 - My test case might have some trivial issues
2023-04-21 19:28:54 INFO  Log:32 - This test case is about to get completed
2023-04-21 19:28:54 INFO  Log:25 - ###############################
2023-04-21 19:28:54 INFO  Log:26 - ###############################
2023-04-21 19:28:54 INFO  Log:27 - #################This test case is finished###################
2023-04-21 19:28:57 INFO  Log:17 - *************************
2023-04-21 19:28:57 INFO  Log:18 - *************************
2023-04-21 19:28:57 INFO  Log:19 - **************This is the beginning of my Test case*************
2023-04-21 19:28:57 INFO  Log:32 - My test case is executing right now
2023-04-21 19:28:57 INFO  Log:35 - My test case might have some trivial issues
2023-04-21 19:29:04 INFO  Log:32 - This test case is about to get completed
2023-04-21 19:29:04 INFO  Log:25 - ###############################
2023-04-21 19:29:04 INFO  Log:26 - ###############################
2023-04-21 19:29:04 INFO  Log:27 - #################This test case is finished###################
2023-04-21 19:29:06 INFO  Log:17 - *************************
2023-04-21 19:29:06 INFO  Log:18 - *************************
2023-04-21 19:29:06 INFO  Log:19 - **************This is the beginning of my Test case*************
2023-04-21 19:29:06 INFO  Log:32 - My test case is executing right now
2023-04-21 19:29:06 INFO  Log:35 - My test case might have some trivial issues
2023-04-21 19:29:21 INFO  Log:32 - This test case is about to get completed
2023-04-21 19:29:21 INFO  Log:25 - ###############################
2023-04-21 19:29:21 INFO  Log:26 - ###############################
2023-04-21 19:29:21 INFO  Log:27 - #################This test case is finished###################
2023-04-21 19:29:23 INFO  Log:17 - *************************
2023-04-21 19:29:23 INFO  Log:18 - *************************
2023-04-21 19:29:23 INFO  Log:19 - **************This is the beginning of my Test case*************
2023-04-21 19:29:23 INFO  Log:32 - My test case is executing right now
2023-04-21 19:29:23 INFO  Log:35 - My test case might have some trivial issues
2023-04-21 19:29:25 INFO  Log:32 - This test case is about to get completed
2023-04-21 19:29:25 INFO  Log:25 - ###############################
2023-04-21 19:29:25 INFO  Log:26 - ###############################
2023-04-21 19:29:25 INFO  Log:27 - #################This test case is finished###################
2023-04-21 19:29:27 INFO  Log:17 - *************************
2023-04-21 19:29:27 INFO  Log:18 - *************************
2023-04-21 19:29:27 INFO  Log:19 - **************This is the beginning of my Test case*************
2023-04-21 19:29:27 INFO  Log:32 - My test case is executing right now
2023-04-21 19:29:27 INFO  Log:35 - My test case might have some trivial issues
2023-04-21 19:29:29 INFO  Log:32 - This test case is about to get completed
2023-04-21 19:29:29 INFO  Log:25 - ###############################
2023-04-21 19:29:29 INFO  Log:26 - ###############################
2023-04-21 19:29:29 INFO  Log:27 - #################This test case is finished###################
2023-04-21 19:29:31 INFO  Log:17 - *************************
2023-04-21 19:29:31 INFO  Log:18 - *************************
2023-04-21 19:29:31 INFO  Log:19 - **************This is the beginning of my Test case*************
2023-04-21 19:29:31 INFO  Log:32 - My test case is executing right now
2023-04-21 19:29:31 INFO  Log:35 - My test case might have some trivial issues
2023-04-21 19:29:33 INFO  Log:32 - This test case is about to get completed
2023-04-21 19:29:33 INFO  Log:25 - ###############################
2023-04-21 19:29:33 INFO  Log:26 - ###############################
2023-04-21 19:29:33 INFO  Log:27 - #################This test case is finished###################
2023-04-21 19:29:35 INFO  Log:17 - *************************
2023-04-21 19:29:35 INFO  Log:18 - *************************
2023-04-21 19:29:35 INFO  Log:19 - **************This is the beginning of my Test case*************
2023-04-21 19:29:35 INFO  Log:32 - My test case is executing right now
2023-04-21 19:29:35 INFO  Log:35 - My test case might have some trivial issues
2023-04-21 19:29:37 INFO  Log:32 - This test case is about to get completed
2023-04-21 19:29:37 INFO  Log:25 - ###############################
2023-04-21 19:29:37 INFO  Log:26 - ###############################
2023-04-21 19:29:37 INFO  Log:27 - #################This test case is finished###################
2023-04-21 19:29:38 INFO  Log:17 - *************************
2023-04-21 19:29:38 INFO  Log:18 - *************************
2023-04-21 19:29:38 INFO  Log:19 - **************This is the beginning of my Test case*************
2023-04-21 19:29:38 INFO  Log:32 - My test case is executing right now
2023-04-21 19:29:38 INFO  Log:35 - My test case might have some trivial issues
2023-04-21 19:29:40 INFO  Log:32 - This test case is about to get completed
2023-04-21 19:29:40 INFO  Log:25 - ###############################
2023-04-21 19:29:40 INFO  Log:26 - ###############################
2023-04-21 19:29:40 INFO  Log:27 - #################This test case is finished###################
2023-04-21 19:29:42 INFO  Log:17 - *************************
2023-04-21 19:29:42 INFO  Log:18 - *************************
2023-04-21 19:29:42 INFO  Log:19 - **************This is the beginning of my Test case*************
2023-04-21 19:29:42 INFO  Log:32 - My test case is executing right now
2023-04-21 19:29:42 INFO  Log:35 - My test case might have some trivial issues
2023-04-21 19:29:42 INFO  Log:32 - This test case is about to get completed
2023-04-21 19:29:42 INFO  Log:25 - ###############################
2023-04-21 19:29:42 INFO  Log:26 - ###############################
2023-04-21 19:29:42 INFO  Log:27 - #################This test case is finished###################
2023-04-22 12:04:37 INFO  Log:17 - *************************
2023-04-22 12:04:37 INFO  Log:18 - *************************
2023-04-22 12:04:37 INFO  Log:19 - **************This is the beginning of my Test case*************
2023-04-22 12:04:37 INFO  Log:32 - My test case is executing right now
2023-04-22 12:04:37 INFO  Log:35 - My test case might have some trivial issues
2023-04-22 12:04:43 INFO  Log:32 - This test case is about to get completed
2023-04-22 12:04:43 INFO  Log:25 - ###############################
2023-04-22 12:04:43 INFO  Log:26 - ###############################
2023-04-22 12:04:43 INFO  Log:27 - #################This test case is finished###################
2023-04-22 12:04:45 INFO  Log:17 - *************************
2023-04-22 12:04:45 INFO  Log:18 - *************************
2023-04-22 12:04:45 INFO  Log:19 - **************This is the beginning of my Test case*************
2023-04-22 12:04:45 INFO  Log:32 - My test case is executing right now
2023-04-22 12:04:45 INFO  Log:35 - My test case might have some trivial issues
2023-04-22 12:04:52 INFO  Log:32 - This test case is about to get completed
2023-04-22 12:04:52 INFO  Log:25 - ###############################
2023-04-22 12:04:52 INFO  Log:26 - ###############################
2023-04-22 12:04:52 INFO  Log:27 - #################This test case is finished###################
2023-04-22 12:04:54 INFO  Log:17 - *************************
2023-04-22 12:04:54 INFO  Log:18 - *************************
2023-04-22 12:04:54 INFO  Log:19 - **************This is the beginning of my Test case*************
2023-04-22 12:04:54 INFO  Log:32 - My test case is executing right now
2023-04-22 12:04:54 INFO  Log:35 - My test case might have some trivial issues
2023-04-22 12:05:06 INFO  Log:32 - This test case is about to get completed
2023-04-22 12:05:06 INFO  Log:25 - ###############################
2023-04-22 12:05:06 INFO  Log:26 - ###############################
2023-04-22 12:05:06 INFO  Log:27 - #################This test case is finished###################
2023-04-22 12:05:08 INFO  Log:17 - *************************
2023-04-22 12:05:08 INFO  Log:18 - *************************
2023-04-22 12:05:08 INFO  Log:19 - **************This is the beginning of my Test case*************
2023-04-22 12:05:08 INFO  Log:32 - My test case is executing right now
2023-04-22 12:05:08 INFO  Log:35 - My test case might have some trivial issues
2023-04-22 12:05:09 INFO  Log:32 - This test case is about to get completed
2023-04-22 12:05:09 INFO  Log:25 - ###############################
2023-04-22 12:05:09 INFO  Log:26 - ###############################
2023-04-22 12:05:09 INFO  Log:27 - #################This test case is finished###################
2023-04-22 12:05:11 INFO  Log:17 - *************************
2023-04-22 12:05:11 INFO  Log:18 - *************************
2023-04-22 12:05:11 INFO  Log:19 - **************This is the beginning of my Test case*************
2023-04-22 12:05:11 INFO  Log:32 - My test case is executing right now
2023-04-22 12:05:11 INFO  Log:35 - My test case might have some trivial issues
2023-04-22 12:05:13 INFO  Log:32 - This test case is about to get completed
2023-04-22 12:05:13 INFO  Log:25 - ###############################
2023-04-22 12:05:13 INFO  Log:26 - ###############################
2023-04-22 12:05:13 INFO  Log:27 - #################This test case is finished###################
2023-04-22 12:05:15 INFO  Log:17 - *************************
2023-04-22 12:05:15 INFO  Log:18 - *************************
2023-04-22 12:05:15 INFO  Log:19 - **************This is the beginning of my Test case*************
2023-04-22 12:05:15 INFO  Log:32 - My test case is executing right now
2023-04-22 12:05:15 INFO  Log:35 - My test case might have some trivial issues
2023-04-22 12:05:17 INFO  Log:32 - This test case is about to get completed
2023-04-22 12:05:17 INFO  Log:25 - ###############################
2023-04-22 12:05:17 INFO  Log:26 - ###############################
2023-04-22 12:05:17 INFO  Log:27 - #################This test case is finished###################
2023-04-22 12:05:18 INFO  Log:17 - *************************
2023-04-22 12:05:18 INFO  Log:18 - *************************
2023-04-22 12:05:18 INFO  Log:19 - **************This is the beginning of my Test case*************
2023-04-22 12:05:18 INFO  Log:32 - My test case is executing right now
2023-04-22 12:05:18 INFO  Log:35 - My test case might have some trivial issues
2023-04-22 12:05:21 INFO  Log:32 - This test case is about to get completed
2023-04-22 12:05:21 INFO  Log:25 - ###############################
2023-04-22 12:05:21 INFO  Log:26 - ###############################
2023-04-22 12:05:21 INFO  Log:27 - #################This test case is finished###################
2023-04-22 12:05:23 INFO  Log:17 - *************************
2023-04-22 12:05:23 INFO  Log:18 - *************************
2023-04-22 12:05:23 INFO  Log:19 - **************This is the beginning of my Test case*************
2023-04-22 12:05:23 INFO  Log:32 - My test case is executing right now
2023-04-22 12:05:23 INFO  Log:35 - My test case might have some trivial issues
2023-04-22 12:05:24 INFO  Log:32 - This test case is about to get completed
2023-04-22 12:05:24 INFO  Log:25 - ###############################
2023-04-22 12:05:24 INFO  Log:26 - ###############################
2023-04-22 12:05:24 INFO  Log:27 - #################This test case is finished###################
2023-04-22 12:05:26 INFO  Log:17 - *************************
2023-04-22 12:05:26 INFO  Log:18 - *************************
2023-04-22 12:05:26 INFO  Log:19 - **************This is the beginning of my Test case*************
2023-04-22 12:05:26 INFO  Log:32 - My test case is executing right now
2023-04-22 12:05:26 INFO  Log:35 - My test case might have some trivial issues
2023-04-22 12:05:26 INFO  Log:32 - This test case is about to get completed
2023-04-22 12:05:26 INFO  Log:25 - ###############################
2023-04-22 12:05:26 INFO  Log:26 - ###############################
2023-04-22 12:05:26 INFO  Log:27 - #################This test case is finished###################
